# JRE version: OpenJDK Runtime Environment Corretto-23.0.2.7.1 (23.0.2+7) (build 23.0.2+7-FR)
# Java VM: OpenJDK 64-Bit Server VM Corretto-23.0.2.7.1 (23.0.2+7-FR, mixed mode, emulated-client, sharing, tiered, compressed oops, compressed class ptrs, g1 gc, windows-amd64)
GC Precious Log:
 CardTable entry size: 512
 Card Set container configuration: InlinePtr #cards 4 size 8 Array Of Cards #cards 16 size 48 Howl #buckets 8 coarsen threshold 3686 Howl Bitmap #cards 512 size 80 coarsen threshold 460 Card regions per heap region 1 cards per card region 4096
 CPUs: 8 total, 8 available
 Memory: 16075M
 Large Page Support: Disabled
 NUMA Support: Disabled
 Compressed Oops: Enabled (Zero based)
 Heap Region Size: 2M
 Heap Min Capacity: 8M
 Heap Initial Capacity: 252M
 Heap Max Capacity: 4020M
 Pre-touch: Disabled
 Parallel Workers: 8
 Concurrent Workers: 2
 Concurrent Refinement Workers: 8
 Periodic GC: Disabled
Heap:
 garbage-first heap   total reserved 4116480K, committed 98304K, used 76646K [0x0000000704c00000, 0x0000000800000000)
  region size 2048K, 21 young (43008K), 2 survivors (4096K)
 Metaspace       used 64687K, committed 66112K, reserved 1114112K
  class space    used 9365K, committed 9920K, reserved 1048576K
GC Heap History (20 events):
Event: 1782.964 GC heap before
{Heap before GC invocations=38 (full 0):
 garbage-first heap   total reserved 4116480K, committed 98304K, used 84746K [0x0000000704c00000, 0x0000000800000000)
  region size 2048K, 20 young (40960K), 2 survivors (4096K)
 Metaspace       used 65133K, committed 66112K, reserved 1114112K
  class space    used 9493K, committed 9920K, reserved 1048576K
}
Event: 1782.971 GC heap after
{Heap after GC invocations=39 (full 0):
 garbage-first heap   total reserved 4116480K, committed 98304K, used 49690K [0x0000000704c00000, 0x0000000800000000)
  region size 2048K, 2 young (4096K), 2 survivors (4096K)
 Metaspace       used 65133K, committed 66112K, reserved 1114112K
  class space    used 9493K, committed 9920K, reserved 1048576K
}
Event: 1885.056 GC heap before
{Heap before GC invocations=39 (full 0):
 garbage-first heap   total reserved 4116480K, committed 98304K, used 53786K [0x0000000704c00000, 0x0000000800000000)
  region size 2048K, 5 young (10240K), 2 survivors (4096K)
 Metaspace       used 65133K, committed 66112K, reserved 1114112K
  class space    used 9493K, committed 9920K, reserved 1048576K
}
Event: 1885.075 GC heap after
{Heap after GC invocations=40 (full 0):
 garbage-first heap   total reserved 4116480K, committed 98304K, used 49620K [0x0000000704c00000, 0x0000000800000000)
  region size 2048K, 2 young (4096K), 2 survivors (4096K)
 Metaspace       used 65133K, committed 66112K, reserved 1114112K
  class space    used 9493K, committed 9920K, reserved 1048576K
}
Event: 2560.710 GC heap before
{Heap before GC invocations=41 (full 0):
 garbage-first heap   total reserved 4116480K, committed 98304K, used 84436K [0x0000000704c00000, 0x0000000800000000)
  region size 2048K, 20 young (40960K), 2 survivors (4096K)
 Metaspace       used 64632K, committed 66112K, reserved 1114112K
  class space    used 9354K, committed 9920K, reserved 1048576K
}
Event: 2560.718 GC heap after
{Heap after GC invocations=42 (full 0):
 garbage-first heap   total reserved 4116480K, committed 98304K, used 49839K [0x0000000704c00000, 0x0000000800000000)
  region size 2048K, 2 young (4096K), 2 survivors (4096K)
 Metaspace       used 64632K, committed 66112K, reserved 1114112K
  class space    used 9354K, committed 9920K, reserved 1048576K
}
Event: 3254.136 GC heap before
{Heap before GC invocations=42 (full 0):
 garbage-first heap   total reserved 4116480K, committed 98304K, used 86703K [0x0000000704c00000, 0x0000000800000000)
  region size 2048K, 20 young (40960K), 2 survivors (4096K)
 Metaspace       used 64632K, committed 66112K, reserved 1114112K
  class space    used 9354K, committed 9920K, reserved 1048576K
}
Event: 3254.174 GC heap after
{Heap after GC invocations=43 (full 0):
 garbage-first heap   total reserved 4116480K, committed 98304K, used 44313K [0x0000000704c00000, 0x0000000800000000)
  region size 2048K, 2 young (4096K), 2 survivors (4096K)
 Metaspace       used 64632K, committed 66112K, reserved 1114112K
  class space    used 9354K, committed 9920K, reserved 1048576K
}
Event: 4029.416 GC heap before
{Heap before GC invocations=43 (full 0):
 garbage-first heap   total reserved 4116480K, committed 98304K, used 83225K [0x0000000704c00000, 0x0000000800000000)
  region size 2048K, 22 young (45056K), 2 survivors (4096K)
 Metaspace       used 64632K, committed 66112K, reserved 1114112K
  class space    used 9354K, committed 9920K, reserved 1048576K
}
Event: 4029.441 GC heap after
{Heap after GC invocations=44 (full 0):
 garbage-first heap   total reserved 4116480K, committed 98304K, used 41104K [0x0000000704c00000, 0x0000000800000000)
  region size 2048K, 2 young (4096K), 2 survivors (4096K)
 Metaspace       used 64632K, committed 66112K, reserved 1114112K
  class space    used 9354K, committed 9920K, reserved 1048576K
}
Event: 4876.752 GC heap before
{Heap before GC invocations=44 (full 0):
 garbage-first heap   total reserved 4116480K, committed 98304K, used 84112K [0x0000000704c00000, 0x0000000800000000)
  region size 2048K, 24 young (49152K), 2 survivors (4096K)
 Metaspace       used 64632K, committed 66112K, reserved 1114112K
  class space    used 9354K, committed 9920K, reserved 1048576K
}
Event: 4876.801 GC heap after
{Heap after GC invocations=45 (full 0):
 garbage-first heap   total reserved 4116480K, committed 98304K, used 41123K [0x0000000704c00000, 0x0000000800000000)
  region size 2048K, 2 young (4096K), 2 survivors (4096K)
 Metaspace       used 64632K, committed 66112K, reserved 1114112K
  class space    used 9354K, committed 9920K, reserved 1048576K
}
Event: 5724.597 GC heap before
{Heap before GC invocations=46 (full 0):
 garbage-first heap   total reserved 4116480K, committed 98304K, used 86179K [0x0000000704c00000, 0x0000000800000000)
  region size 2048K, 24 young (49152K), 2 survivors (4096K)
 Metaspace       used 64632K, committed 66112K, reserved 1114112K
  class space    used 9354K, committed 9920K, reserved 1048576K
}
Event: 5724.642 GC heap after
{Heap after GC invocations=47 (full 0):
 garbage-first heap   total reserved 4116480K, committed 98304K, used 41042K [0x0000000704c00000, 0x0000000800000000)
  region size 2048K, 2 young (4096K), 2 survivors (4096K)
 Metaspace       used 64632K, committed 66112K, reserved 1114112K
  class space    used 9354K, committed 9920K, reserved 1048576K
}
Event: 6569.350 GC heap before
{Heap before GC invocations=47 (full 0):
 garbage-first heap   total reserved 4116480K, committed 98304K, used 84050K [0x0000000704c00000, 0x0000000800000000)
  region size 2048K, 24 young (49152K), 2 survivors (4096K)
 Metaspace       used 64632K, committed 66112K, reserved 1114112K
  class space    used 9354K, committed 9920K, reserved 1048576K
}
Event: 6569.398 GC heap after
{Heap after GC invocations=48 (full 0):
 garbage-first heap   total reserved 4116480K, committed 98304K, used 39903K [0x0000000704c00000, 0x0000000800000000)
  region size 2048K, 2 young (4096K), 2 survivors (4096K)
 Metaspace       used 64632K, committed 66112K, reserved 1114112K
  class space    used 9354K, committed 9920K, reserved 1048576K
}
Event: 7454.240 GC heap before
{Heap before GC invocations=48 (full 0):
 garbage-first heap   total reserved 4116480K, committed 98304K, used 87007K [0x0000000704c00000, 0x0000000800000000)
  region size 2048K, 25 young (51200K), 2 survivors (4096K)
 Metaspace       used 64632K, committed 66112K, reserved 1114112K
  class space    used 9354K, committed 9920K, reserved 1048576K
}
Event: 7454.280 GC heap after
{Heap after GC invocations=49 (full 0):
 garbage-first heap   total reserved 4116480K, committed 98304K, used 39789K [0x0000000704c00000, 0x0000000800000000)
  region size 2048K, 2 young (4096K), 2 survivors (4096K)
 Metaspace       used 64632K, committed 66112K, reserved 1114112K
  class space    used 9354K, committed 9920K, reserved 1048576K
}
Event: 8353.793 GC heap before
{Heap before GC invocations=50 (full 0):
 garbage-first heap   total reserved 4116480K, committed 98304K, used 84845K [0x0000000704c00000, 0x0000000800000000)
  region size 2048K, 25 young (51200K), 2 survivors (4096K)
 Metaspace       used 64634K, committed 66112K, reserved 1114112K
  class space    used 9355K, committed 9920K, reserved 1048576K
}
Event: 8353.805 GC heap after
{Heap after GC invocations=51 (full 0):
 garbage-first heap   total reserved 4116480K, committed 98304K, used 39782K [0x0000000704c00000, 0x0000000800000000)
  region size 2048K, 2 young (4096K), 2 survivors (4096K)
 Metaspace       used 64634K, committed 66112K, reserved 1114112K
  class space    used 9355K, committed 9920K, reserved 1048576K
}

